Start testing: Aug 21 12:25 -03
----------------------------------------------------------
1/1 Testing: catch_test
1/1 Test: catch_test
Command: "/home/pbarletta/labo/23/cmake_reference/code/day-2/26_more-catch2/build/sumtest" "--success"
Directory: /home/pbarletta/labo/23/cmake_reference/code/day-2/26_more-catch2/build
"catch_test" start time: Aug 21 12:25 -03
Output:
----------------------------------------------------------

~~~~~~~~~~~~~~~~~~~~~~~~~~~~~~~~~~~~~~~~~~~~~~~~~~~~~~~~~~~~~~~~~~~~~~~~~~~~~~~
sumtest is a Catch v2.13.4 host application.
Run with -? for options

-------------------------------------------------------------------------------
Sum of integers for a short vector
-------------------------------------------------------------------------------
/home/pbarletta/labo/23/cmake_reference/code/day-2/26_more-catch2/test.cpp:10
...............................................................................

/home/pbarletta/labo/23/cmake_reference/code/day-2/26_more-catch2/test.cpp:12: PASSED:
  REQUIRE( sum_integers(integers) == 15 )
with expansion:
  15 == 15

-------------------------------------------------------------------------------
Sum of integers for a longer vector
-------------------------------------------------------------------------------
/home/pbarletta/labo/23/cmake_reference/code/day-2/26_more-catch2/test.cpp:15
...............................................................................

/home/pbarletta/labo/23/cmake_reference/code/day-2/26_more-catch2/test.cpp:20: PASSED:
  REQUIRE( sum_integers(integers) == 500500 )
with expansion:
  500500 (0x7a314) == 500500 (0x7a314)

===============================================================================
All tests passed (2 assertions in 2 test cases)

<end of output>
Test time =   0.00 sec
----------------------------------------------------------
Test Passed.
"catch_test" end time: Aug 21 12:25 -03
"catch_test" time elapsed: 00:00:00
----------------------------------------------------------

End testing: Aug 21 12:25 -03
